Arguments: 
  C:\Program Files\nodejs\node.exe C:\Users\NAZEM.CENTER\AppData\Roaming\npm\node_modules\yarn\bin\yarn.js build

PATH: 
  C:\Users\NAZEM.CENTER\bin;C:\Program Files\Git\mingw64\bin;C:\Program Files\Git\usr\local\bin;C:\Program Files\Git\usr\bin;C:\Program Files\Git\usr\bin;C:\Program Files\Git\mingw64\bin;C:\Program Files\Git\usr\bin;C:\Users\NAZEM.CENTER\bin;C:\Python310\Scripts;C:\Python310;C:\Windows\system32;C:\Windows;C:\Windows\System32\Wbem;C:\Windows\System32\WindowsPowerShell\v1.0;C:\Windows\System32\OpenSSH;C:\Program Files (x86)\NVIDIA Corporation\PhysX\Common;C:\Program Files\nodejs;C:\ProgramData\chocolatey\bin;C:\Program Files\Git\cmd;C:\Program Files\OpenJDK\openjdk-11.0.15_10\bin;C:\Users\NAZEM.CENTER\AppData\Local\Microsoft\WindowsApps;C:\Users\NAZEM.CENTER\AppData\Roaming\npm;C:\Users\NAZEM.CENTER\AppData\Local\Programs\Microsoft VS Code\bin;C:\Users\NAZEM.CENTER\AppData\Local\Android\Sdk\platform-tools;C:\Program Files\Git\usr\bin\vendor_perl;C:\Program Files\Git\usr\bin\core_perl

Yarn version: 
  1.22.18

Node version: 
  16.15.0

Platform: 
  win32 x64

Trace: 
  Error: Potentially dangerous call to "next-sitemap" in C:\Users\NAZEM.CENTER\Desktop\nextjs_landing_page\nextjs_landing_page
      at validate (C:\Users\NAZEM.CENTER\AppData\Roaming\npm\node_modules\yarn\lib\cli.js:25658:15)
      at C:\Users\NAZEM.CENTER\AppData\Roaming\npm\node_modules\yarn\lib\cli.js:25726:7
      at new Promise (<anonymous>)
      at new F (C:\Users\NAZEM.CENTER\AppData\Roaming\npm\node_modules\yarn\lib\cli.js:5301:28)
      at C:\Users\NAZEM.CENTER\AppData\Roaming\npm\node_modules\yarn\lib\cli.js:25725:12
      at run (C:\Users\NAZEM.CENTER\AppData\Roaming\npm\node_modules\yarn\lib\cli.js:43176:7)
      at BlockingQueue.maybePushConcurrencyQueue (C:\Users\NAZEM.CENTER\AppData\Roaming\npm\node_modules\yarn\lib\cli.js:43191:7)
      at BlockingQueue.shift (C:\Users\NAZEM.CENTER\AppData\Roaming\npm\node_modules\yarn\lib\cli.js:43186:10)
      at C:\Users\NAZEM.CENTER\AppData\Roaming\npm\node_modules\yarn\lib\cli.js:43130:15
      at new Promise (<anonymous>)

npm manifest: 
  {
    "name": "landing-page",
    "version": "0.0.1",
    "private": true,
    "scripts": {
      "dev": "next dev",
      "build": "next build && next export",
      "postbuild": "next-sitemap"
    },
    "dependencies": {
      "@emailjs/browser": "^3.6.2",
      "dotenv": "^8.2.0",
      "framer-motion": "^2.7.5",
      "globby": "^11.0.0",
      "isomorphic-unfetch": "^3.0.0",
      "next": "9.5.3",
      "next-compose-plugins": "^2.2.0",
      "next-optimized-images": "^2.5.4",
      "prettier": "^2.1.2",
      "rc-drawer": "^4.1.0",
      "react-cookie-consent": "^7.4.1",
      "react-custom-scrollbars": "^4.2.1",
      "react-dom": "16.13.0",
      "react-ga": "^3.1.2",
      "react-icons": "^3.10.0",
      "react-loading-skeleton": "^3.1.0",
      "react-modal-video": "^1.2.6",
      "react-multi-carousel": "^2.5.5",
      "react-scroll": "^1.8.0",
      "react-stickynode": "^3.0.3",
      "theme-ui": "^0.3.1",
      "typeface-dm-sans": "^1.1.3"
    },
    "devDependencies": {
      "imagemin-mozjpeg": "^9.0.0",
      "imagemin-optipng": "^8.0.0",
      "imagemin-svgo": "^8.0.0",
      "next-sitemap": "^1.2.4"
    }
  }

yarn manifest: 
  No manifest

Lockfile: 
  No lockfile
